Determining if the function clock_gettime exists in the rt failed with the following output:
Change Dir: /Users/mdotson/git-commit-service/libgit2-0.21.1/CMakeFiles/CMakeTmp

Run Build Command:/usr/bin/make "cmTryCompileExec3106966546/fast"
/Applications/Xcode.app/Contents/Developer/usr/bin/make -f CMakeFiles/cmTryCompileExec3106966546.dir/build.make CMakeFiles/cmTryCompileExec3106966546.dir/build
/usr/local/Cellar/cmake/2.8.12.2/bin/cmake -E cmake_progress_report /Users/mdotson/git-commit-service/libgit2-0.21.1/CMakeFiles/CMakeTmp/CMakeFiles 1
Building C object CMakeFiles/cmTryCompileExec3106966546.dir/CheckFunctionExists.c.o
/usr/bin/cc   -D_GNU_SOURCE -Wall -Wextra  -fvisibility=hidden -fPIC -Wno-missing-field-initializers -Wstrict-aliasing=2 -Wstrict-prototypes -Wdeclaration-after-statement -Wno-unused-const-variable -Wno-unused-function -Wno-deprecated-declarations -DCHECK_FUNCTION_EXISTS=clock_gettime   -o CMakeFiles/cmTryCompileExec3106966546.dir/CheckFunctionExists.c.o   -c /usr/local/Cellar/cmake/2.8.12.2/share/cmake/Modules/CheckFunctionExists.c
Linking C executable cmTryCompileExec3106966546
/usr/local/Cellar/cmake/2.8.12.2/bin/cmake -E cmake_link_script CMakeFiles/cmTryCompileExec3106966546.dir/link.txt --verbose=1
/usr/bin/cc  -D_GNU_SOURCE -Wall -Wextra  -fvisibility=hidden -fPIC -Wno-missing-field-initializers -Wstrict-aliasing=2 -Wstrict-prototypes -Wdeclaration-after-statement -Wno-unused-const-variable -Wno-unused-function -Wno-deprecated-declarations -DCHECK_FUNCTION_EXISTS=clock_gettime -Wl,-search_paths_first -Wl,-headerpad_max_install_names   CMakeFiles/cmTryCompileExec3106966546.dir/CheckFunctionExists.c.o  -o cmTryCompileExec3106966546  -L/Users/mdotson/git-commit-service/libgit2-0.21.1/CMakeFiles/CMakeTmp/time.h  -lrt -Wl,-rpath,/Users/mdotson/git-commit-service/libgit2-0.21.1/CMakeFiles/CMakeTmp/time.h 
ld: warning: directory not found for option '-L/Users/mdotson/git-commit-service/libgit2-0.21.1/CMakeFiles/CMakeTmp/time.h'
ld: library not found for -lrt
clang: error: linker command failed with exit code 1 (use -v to see invocation)
make[1]: *** [cmTryCompileExec3106966546] Error 1
make: *** [cmTryCompileExec3106966546/fast] Error 2


